4Head
8-)
:(
:(
:)
:-(
:-)
:-/
:-D
:-O
:-P
:-Z
:-\
:-o
:-p
:-z
:-|
:/
:/
:D
:D
:O
:O
:P
:P
:Z
:\
:o
:p
:z
:|
:|
;)
;)
;-)
;-P
;-p
;P
;P
;p
<3
<3
>(
>(
ANELE
ArgieB8
ArsonNoSexy
AsexualPride
AsianGlow
B)
B)
B-)
BCWarrior
BOP
BabyRage
BatChest
BegWan
BibleThump
BigBrother
BigPhish
BisexualPride
BlackLivesMatter
BlargNaut
BloodTrail
BrainSlug
BrokeBack
BuddhaBar
CaitlynS
CarlSmile
ChefFrank
CoolCat
CoolStoryBob
CorgiDerp
CrreamAwk
CurseLit
DAESuppy
DBstyle
DansGame
DarkKnight
DarkMode
DatSheffy
DendiFace
DogFace
DoritosChip
DrinkPurple
DxCat
EarthDay
EleGiggle
EntropyWins
ExtraLife
FBBlock
FBCatch
FBChallenge
FBPass
FBPenalty
FBRun
FBSpiral
FBtouchdown
FUNgineer
FailFish
FamilyMan
FootBall
FootGoal
FootYellow
FrankerZ
FreakinStinkin
FutureMan
GayPride
GenderFluidPride
Gimme5
GingerPower
GivePLZ
GlitchCat
GlitchLit
GlitchNRG
GrammarKing
GreenTeam
GunRun
HSCheers
HSWP
HarleyWink
HassaanChop
HeyGuys
HolidayCookie
HolidayLog
HolidayOrnament
HolidayPresent
HolidaySanta
HolidayTree
HotPokket
HungryPaimon
IntersexPride
InuyoFace
ItsBoshyTime
JKanStyle
JW2Roar
Jebaited
JonCarnage
KAPOW
KEKHeim
Kappa
Kappa
KappaClaus
KappaPride
KappaRoss
KappaWealth
Kappu
Keepo
KevinTurtle
Kippa
KomodoHype
KonCha
Kreygasm
LUL
LesbianPride
MVGame
Mau5
MaxLOL
MegaphoneZ
MercyWing1
MercyWing2
MikeHogu
MingLee
MorphinTime
MrDestructoid
NewRecord
NinjaGrumpy
NomNom
NonbinaryPride
NotATK
NotLikeThis
O.O
O.o
OSFrog
O_O
O_o
O_o
OhMyDog
OneHand
OpieOP
OptimizePrime
PJSalt
PJSugar
PMSTwin
PRChase
PanicVis
PansexualPride
PartyHat
PartyTime
PeoplesChamp
PermaSmug
PicoMause
PinkMercy
PipeHype
PixelBob
PogBones
PogChamp
Poooound
PopCorn
PoroSad
PorscheWIN
PowerUpL
PowerUpR
PraiseIt
PrimeMe
PunOko
PunchTrees
PurpleStar
R)
R)
R-)
RaccAttack
RalpherZ
RedCoat
RedTeam
ResidentSleeper
RitzMitz
RlyTho
RuleFive
RyuChamp
SMOrc
SSSsss
SabaPing
SeemsGood
SeriousSloth
ShadyLulu
ShazBotstix
ShowOfHands
SingsMic
SingsNote
SmoocherZ
SoBayed
SoonerLater
Squid1
Squid2
Squid3
Squid4
StinkyCheese
StinkyGlitch
StoneLightning
StrawBeary
SuperVinlin
SwiftRage
TBAngel
TF2John
TPFufun
TPcrunchyroll
TTours
TakeNRG
TearGlove
TehePelo
ThankEgg
TheIlluminati
TheRinger
TheTarFu
TheThing
ThunBeast
TinyFace
TombRaid
TooSpicy
TransgenderPride
TriHard
TwitchLit
TwitchRPG
TwitchSings
TwitchUnity
TwitchVotes
UWot
UnSane
UncleNox
VirtualHug
VoHiYo
VoteNay
VoteYea
WTRuck
WholeWheat
WhySoSerious
WutFace
YouDontSay
YouWHY
bleedPurple
cmonBruh
copyThis
duDudu
imGlitch
mcaT
o.O
o.o
o_O
o_o
panicBasket
pastaThat
riPepperonis
twitchRaid